# JRE version: OpenJDK Runtime Environment (17.0.11) (build 17.0.11+0-17.0.11b1207.24-11852314)
# Java VM: OpenJDK 64-Bit Server VM (17.0.11+0-17.0.11b1207.24-11852314, mixed mode, tiered, compressed oops, compressed class ptrs, g1 gc, bsd-amd64)
Heap:
 garbage-first heap   total 132096K, used 77260K [0x0000000780000000, 0x0000000800000000)
  region size 1024K, 7 young (7168K), 4 survivors (4096K)
 Metaspace       used 54618K, committed 55232K, reserved 1114112K
  class space    used 7734K, committed 8000K, reserved 1048576K
GC Heap History (20 events):
Event: 11.022 GC heap before
{Heap before GC invocations=15 (full 0):
 garbage-first heap   total 80896K, used 59499K [0x0000000780000000, 0x0000000800000000)
  region size 1024K, 19 young (19456K), 3 survivors (3072K)
 Metaspace       used 42243K, committed 42688K, reserved 1114112K
  class space    used 6042K, committed 6272K, reserved 1048576K
}
Event: 11.031 GC heap after
{Heap after GC invocations=16 (full 0):
 garbage-first heap   total 80896K, used 46856K [0x0000000780000000, 0x0000000800000000)
  region size 1024K, 3 young (3072K), 3 survivors (3072K)
 Metaspace       used 42243K, committed 42688K, reserved 1114112K
  class space    used 6042K, committed 6272K, reserved 1048576K
}
Event: 11.511 GC heap before
{Heap before GC invocations=16 (full 0):
 garbage-first heap   total 80896K, used 64264K [0x0000000780000000, 0x0000000800000000)
  region size 1024K, 20 young (20480K), 3 survivors (3072K)
 Metaspace       used 42603K, committed 43072K, reserved 1114112K
  class space    used 6072K, committed 6272K, reserved 1048576K
}
Event: 11.520 GC heap after
{Heap after GC invocations=17 (full 0):
 garbage-first heap   total 97280K, used 49118K [0x0000000780000000, 0x0000000800000000)
  region size 1024K, 2 young (2048K), 2 survivors (2048K)
 Metaspace       used 42603K, committed 43072K, reserved 1114112K
  class space    used 6072K, committed 6272K, reserved 1048576K
}
Event: 11.812 GC heap before
{Heap before GC invocations=18 (full 0):
 garbage-first heap   total 97280K, used 55262K [0x0000000780000000, 0x0000000800000000)
  region size 1024K, 10 young (10240K), 2 survivors (2048K)
 Metaspace       used 43057K, committed 43520K, reserved 1114112K
  class space    used 6120K, committed 6336K, reserved 1048576K
}
Event: 11.817 GC heap after
{Heap after GC invocations=19 (full 0):
 garbage-first heap   total 97280K, used 50147K [0x0000000780000000, 0x0000000800000000)
  region size 1024K, 3 young (3072K), 3 survivors (3072K)
 Metaspace       used 43057K, committed 43520K, reserved 1114112K
  class space    used 6120K, committed 6336K, reserved 1048576K
}
Event: 13.087 GC heap before
{Heap before GC invocations=20 (full 0):
 garbage-first heap   total 97280K, used 82915K [0x0000000780000000, 0x0000000800000000)
  region size 1024K, 30 young (30720K), 3 survivors (3072K)
 Metaspace       used 46793K, committed 47168K, reserved 1114112K
  class space    used 6610K, committed 6784K, reserved 1048576K
}
Event: 13.096 GC heap after
{Heap after GC invocations=21 (full 0):
 garbage-first heap   total 97280K, used 51780K [0x0000000780000000, 0x0000000800000000)
  region size 1024K, 3 young (3072K), 3 survivors (3072K)
 Metaspace       used 46793K, committed 47168K, reserved 1114112K
  class space    used 6610K, committed 6784K, reserved 1048576K
}
Event: 14.098 GC heap before
{Heap before GC invocations=21 (full 0):
 garbage-first heap   total 97280K, used 76356K [0x0000000780000000, 0x0000000800000000)
  region size 1024K, 28 young (28672K), 3 survivors (3072K)
 Metaspace       used 48936K, committed 49408K, reserved 1114112K
  class space    used 6979K, committed 7168K, reserved 1048576K
}
Event: 14.107 GC heap after
{Heap after GC invocations=22 (full 0):
 garbage-first heap   total 97280K, used 52945K [0x0000000780000000, 0x0000000800000000)
  region size 1024K, 4 young (4096K), 4 survivors (4096K)
 Metaspace       used 48936K, committed 49408K, reserved 1114112K
  class space    used 6979K, committed 7168K, reserved 1048576K
}
Event: 14.288 GC heap before
{Heap before GC invocations=23 (full 0):
 garbage-first heap   total 97280K, used 56017K [0x0000000780000000, 0x0000000800000000)
  region size 1024K, 8 young (8192K), 4 survivors (4096K)
 Metaspace       used 48970K, committed 49408K, reserved 1114112K
  class space    used 6980K, committed 7168K, reserved 1048576K
}
Event: 14.296 GC heap after
{Heap after GC invocations=24 (full 0):
 garbage-first heap   total 97280K, used 53516K [0x0000000780000000, 0x0000000800000000)
  region size 1024K, 2 young (2048K), 2 survivors (2048K)
 Metaspace       used 48970K, committed 49408K, reserved 1114112K
  class space    used 6980K, committed 7168K, reserved 1048576K
}
Event: 14.597 GC heap before
{Heap before GC invocations=25 (full 0):
 garbage-first heap   total 111616K, used 68876K [0x0000000780000000, 0x0000000800000000)
  region size 1024K, 9 young (9216K), 2 survivors (2048K)
 Metaspace       used 49239K, committed 49728K, reserved 1114112K
  class space    used 7029K, committed 7232K, reserved 1048576K
}
Event: 14.605 GC heap after
{Heap after GC invocations=26 (full 0):
 garbage-first heap   total 111616K, used 64744K [0x0000000780000000, 0x0000000800000000)
  region size 1024K, 4 young (4096K), 4 survivors (4096K)
 Metaspace       used 49239K, committed 49728K, reserved 1114112K
  class space    used 7029K, committed 7232K, reserved 1048576K
}
Event: 15.040 GC heap before
{Heap before GC invocations=27 (full 0):
 garbage-first heap   total 122880K, used 81128K [0x0000000780000000, 0x0000000800000000)
  region size 1024K, 17 young (17408K), 4 survivors (4096K)
 Metaspace       used 50226K, committed 50752K, reserved 1114112K
  class space    used 7147K, committed 7360K, reserved 1048576K
}
Event: 15.049 GC heap after
{Heap after GC invocations=28 (full 0):
 garbage-first heap   total 122880K, used 71733K [0x0000000780000000, 0x0000000800000000)
  region size 1024K, 3 young (3072K), 3 survivors (3072K)
 Metaspace       used 50226K, committed 50752K, reserved 1114112K
  class space    used 7147K, committed 7360K, reserved 1048576K
}
Event: 15.612 GC heap before
{Heap before GC invocations=29 (full 0):
 garbage-first heap   total 132096K, used 92213K [0x0000000780000000, 0x0000000800000000)
  region size 1024K, 21 young (21504K), 3 survivors (3072K)
 Metaspace       used 51701K, committed 52224K, reserved 1114112K
  class space    used 7271K, committed 7488K, reserved 1048576K
}
Event: 15.618 GC heap after
{Heap after GC invocations=30 (full 0):
 garbage-first heap   total 132096K, used 72906K [0x0000000780000000, 0x0000000800000000)
  region size 1024K, 2 young (2048K), 2 survivors (2048K)
 Metaspace       used 51701K, committed 52224K, reserved 1114112K
  class space    used 7271K, committed 7488K, reserved 1048576K
}
Event: 16.648 GC heap before
{Heap before GC invocations=30 (full 0):
 garbage-first heap   total 132096K, used 96458K [0x0000000780000000, 0x0000000800000000)
  region size 1024K, 25 young (25600K), 2 survivors (2048K)
 Metaspace       used 54337K, committed 54912K, reserved 1114112K
  class space    used 7694K, committed 7936K, reserved 1048576K
}
Event: 16.657 GC heap after
{Heap after GC invocations=31 (full 0):
 garbage-first heap   total 132096K, used 74669K [0x0000000780000000, 0x0000000800000000)
  region size 1024K, 4 young (4096K), 4 survivors (4096K)
 Metaspace       used 54337K, committed 54912K, reserved 1114112K
  class space    used 7694K, committed 7936K, reserved 1048576K
}

