# JRE version: OpenJDK Runtime Environment (17.0.11) (build 17.0.11+0-17.0.11b1207.24-11852314)
# Java VM: OpenJDK 64-Bit Server VM (17.0.11+0-17.0.11b1207.24-11852314, mixed mode, tiered, compressed oops, compressed class ptrs, g1 gc, bsd-amd64)
Heap:
 garbage-first heap   total 138240K, used 78757K [0x0000000780000000, 0x0000000800000000)
  region size 1024K, 12 young (12288K), 5 survivors (5120K)
 Metaspace       used 54631K, committed 55104K, reserved 1114112K
  class space    used 7743K, committed 8000K, reserved 1048576K
GC Heap History (20 events):
Event: 7.645 GC heap before
{Heap before GC invocations=8 (full 0):
 garbage-first heap   total 71680K, used 35061K [0x0000000780000000, 0x0000000800000000)
  region size 1024K, 6 young (6144K), 2 survivors (2048K)
 Metaspace       used 30248K, committed 30528K, reserved 1114112K
  class space    used 4342K, committed 4480K, reserved 1048576K
}
Event: 7.660 GC heap after
{Heap after GC invocations=9 (full 0):
 garbage-first heap   total 71680K, used 35219K [0x0000000780000000, 0x0000000800000000)
  region size 1024K, 4 young (4096K), 4 survivors (4096K)
 Metaspace       used 30248K, committed 30528K, reserved 1114112K
  class space    used 4342K, committed 4480K, reserved 1048576K
}
Event: 7.732 GC heap before
{Heap before GC invocations=9 (full 0):
 garbage-first heap   total 71680K, used 39315K [0x0000000780000000, 0x0000000800000000)
  region size 1024K, 6 young (6144K), 4 survivors (4096K)
 Metaspace       used 30314K, committed 30592K, reserved 1114112K
  class space    used 4352K, committed 4480K, reserved 1048576K
}
Event: 7.738 GC heap after
{Heap after GC invocations=10 (full 0):
 garbage-first heap   total 71680K, used 39481K [0x0000000780000000, 0x0000000800000000)
  region size 1024K, 1 young (1024K), 1 survivors (1024K)
 Metaspace       used 30314K, committed 30592K, reserved 1114112K
  class space    used 4352K, committed 4480K, reserved 1048576K
}
Event: 8.259 GC heap before
{Heap before GC invocations=11 (full 0):
 garbage-first heap   total 71680K, used 50745K [0x0000000780000000, 0x0000000800000000)
  region size 1024K, 12 young (12288K), 1 survivors (1024K)
 Metaspace       used 31861K, committed 32256K, reserved 1114112K
  class space    used 4580K, committed 4736K, reserved 1048576K
}
Event: 8.262 GC heap after
{Heap after GC invocations=12 (full 0):
 garbage-first heap   total 71680K, used 41050K [0x0000000780000000, 0x0000000800000000)
  region size 1024K, 2 young (2048K), 2 survivors (2048K)
 Metaspace       used 31861K, committed 32256K, reserved 1114112K
  class space    used 4580K, committed 4736K, reserved 1048576K
}
Event: 8.295 GC heap before
{Heap before GC invocations=12 (full 0):
 garbage-first heap   total 71680K, used 42074K [0x0000000780000000, 0x0000000800000000)
  region size 1024K, 3 young (3072K), 2 survivors (2048K)
 Metaspace       used 31933K, committed 32256K, reserved 1114112K
  class space    used 4595K, committed 4736K, reserved 1048576K
}
Event: 8.298 GC heap after
{Heap after GC invocations=13 (full 0):
 garbage-first heap   total 71680K, used 40235K [0x0000000780000000, 0x0000000800000000)
  region size 1024K, 1 young (1024K), 1 survivors (1024K)
 Metaspace       used 31933K, committed 32256K, reserved 1114112K
  class space    used 4595K, committed 4736K, reserved 1048576K
}
Event: 8.909 GC heap before
{Heap before GC invocations=13 (full 0):
 garbage-first heap   total 71680K, used 52523K [0x0000000780000000, 0x0000000800000000)
  region size 1024K, 13 young (13312K), 1 survivors (1024K)
 Metaspace       used 33199K, committed 33536K, reserved 1114112K
  class space    used 4822K, committed 4992K, reserved 1048576K
}
Event: 8.913 GC heap after
{Heap after GC invocations=14 (full 0):
 garbage-first heap   total 138240K, used 40697K [0x0000000780000000, 0x0000000800000000)
  region size 1024K, 1 young (1024K), 1 survivors (1024K)
 Metaspace       used 33199K, committed 33536K, reserved 1114112K
  class space    used 4822K, committed 4992K, reserved 1048576K
}
Event: 10.994 GC heap before
{Heap before GC invocations=15 (full 0):
 garbage-first heap   total 138240K, used 87801K [0x0000000780000000, 0x0000000800000000)
  region size 1024K, 47 young (48128K), 1 survivors (1024K)
 Metaspace       used 41046K, committed 41472K, reserved 1114112K
  class space    used 5898K, committed 6080K, reserved 1048576K
}
Event: 11.004 GC heap after
{Heap after GC invocations=16 (full 0):
 garbage-first heap   total 138240K, used 43760K [0x0000000780000000, 0x0000000800000000)
  region size 1024K, 4 young (4096K), 4 survivors (4096K)
 Metaspace       used 41046K, committed 41472K, reserved 1114112K
  class space    used 5898K, committed 6080K, reserved 1048576K
}
Event: 12.478 GC heap before
{Heap before GC invocations=16 (full 0):
 garbage-first heap   total 138240K, used 97008K [0x0000000780000000, 0x0000000800000000)
  region size 1024K, 52 young (53248K), 4 survivors (4096K)
 Metaspace       used 45663K, committed 46080K, reserved 1114112K
  class space    used 6415K, committed 6592K, reserved 1048576K
}
Event: 12.494 GC heap after
{Heap after GC invocations=17 (full 0):
 garbage-first heap   total 138240K, used 48081K [0x0000000780000000, 0x0000000800000000)
  region size 1024K, 7 young (7168K), 7 survivors (7168K)
 Metaspace       used 45663K, committed 46080K, reserved 1114112K
  class space    used 6415K, committed 6592K, reserved 1048576K
}
Event: 14.093 GC heap before
{Heap before GC invocations=17 (full 0):
 garbage-first heap   total 138240K, used 110545K [0x0000000780000000, 0x0000000800000000)
  region size 1024K, 55 young (56320K), 7 survivors (7168K)
 Metaspace       used 49450K, committed 49856K, reserved 1114112K
  class space    used 7045K, committed 7232K, reserved 1048576K
}
Event: 14.109 GC heap after
{Heap after GC invocations=18 (full 0):
 garbage-first heap   total 138240K, used 67754K [0x0000000780000000, 0x0000000800000000)
  region size 1024K, 6 young (6144K), 6 survivors (6144K)
 Metaspace       used 49450K, committed 49856K, reserved 1114112K
  class space    used 7045K, committed 7232K, reserved 1048576K
}
Event: 14.369 GC heap before
{Heap before GC invocations=18 (full 0):
 garbage-first heap   total 138240K, used 76970K [0x0000000780000000, 0x0000000800000000)
  region size 1024K, 17 young (17408K), 6 survivors (6144K)
 Metaspace       used 50327K, committed 50816K, reserved 1114112K
  class space    used 7152K, committed 7360K, reserved 1048576K
}
Event: 14.380 GC heap after
{Heap after GC invocations=19 (full 0):
 garbage-first heap   total 138240K, used 69805K [0x0000000780000000, 0x0000000800000000)
  region size 1024K, 2 young (2048K), 2 survivors (2048K)
 Metaspace       used 50327K, committed 50816K, reserved 1114112K
  class space    used 7152K, committed 7360K, reserved 1048576K
}
Event: 15.521 GC heap before
{Heap before GC invocations=20 (full 0):
 garbage-first heap   total 138240K, used 109741K [0x0000000780000000, 0x0000000800000000)
  region size 1024K, 39 young (39936K), 2 survivors (2048K)
 Metaspace       used 53597K, committed 54080K, reserved 1114112K
  class space    used 7581K, committed 7808K, reserved 1048576K
}
Event: 15.528 GC heap after
{Heap after GC invocations=21 (full 0):
 garbage-first heap   total 138240K, used 72069K [0x0000000780000000, 0x0000000800000000)
  region size 1024K, 5 young (5120K), 5 survivors (5120K)
 Metaspace       used 53597K, committed 54080K, reserved 1114112K
  class space    used 7581K, committed 7808K, reserved 1048576K
}

