# JRE version: OpenJDK Runtime Environment (17.0.11) (build 17.0.11+0-17.0.11b1207.24-11852314)
# Java VM: OpenJDK 64-Bit Server VM (17.0.11+0-17.0.11b1207.24-11852314, mixed mode, tiered, compressed oops, compressed class ptrs, g1 gc, bsd-amd64)
Heap:
 garbage-first heap   total 124928K, used 78102K [0x0000000780000000, 0x0000000800000000)
  region size 1024K, 8 young (8192K), 2 survivors (2048K)
 Metaspace       used 54628K, committed 55168K, reserved 1114112K
  class space    used 7737K, committed 8000K, reserved 1048576K
GC Heap History (20 events):
Event: 10.677 GC heap before
{Heap before GC invocations=17 (full 0):
 garbage-first heap   total 76800K, used 57019K [0x0000000780000000, 0x0000000800000000)
  region size 1024K, 17 young (17408K), 2 survivors (2048K)
 Metaspace       used 40555K, committed 40960K, reserved 1114112K
  class space    used 5843K, committed 6016K, reserved 1048576K
}
Event: 10.684 GC heap after
{Heap after GC invocations=18 (full 0):
 garbage-first heap   total 76800K, used 44589K [0x0000000780000000, 0x0000000800000000)
  region size 1024K, 3 young (3072K), 3 survivors (3072K)
 Metaspace       used 40555K, committed 40960K, reserved 1114112K
  class space    used 5843K, committed 6016K, reserved 1048576K
}
Event: 11.310 GC heap before
{Heap before GC invocations=18 (full 0):
 garbage-first heap   total 76800K, used 59949K [0x0000000780000000, 0x0000000800000000)
  region size 1024K, 19 young (19456K), 3 survivors (3072K)
 Metaspace       used 42588K, committed 43008K, reserved 1114112K
  class space    used 6071K, committed 6272K, reserved 1048576K
}
Event: 11.317 GC heap after
{Heap after GC invocations=19 (full 0):
 garbage-first heap   total 92160K, used 46934K [0x0000000780000000, 0x0000000800000000)
  region size 1024K, 3 young (3072K), 3 survivors (3072K)
 Metaspace       used 42588K, committed 43008K, reserved 1114112K
  class space    used 6071K, committed 6272K, reserved 1048576K
}
Event: 11.766 GC heap before
{Heap before GC invocations=20 (full 0):
 garbage-first heap   total 92160K, used 65366K [0x0000000780000000, 0x0000000800000000)
  region size 1024K, 23 young (23552K), 3 survivors (3072K)
 Metaspace       used 43066K, committed 43520K, reserved 1114112K
  class space    used 6121K, committed 6336K, reserved 1048576K
}
Event: 11.774 GC heap after
{Heap after GC invocations=21 (full 0):
 garbage-first heap   total 92160K, used 47924K [0x0000000780000000, 0x0000000800000000)
  region size 1024K, 4 young (4096K), 4 survivors (4096K)
 Metaspace       used 43066K, committed 43520K, reserved 1114112K
  class space    used 6121K, committed 6336K, reserved 1048576K
}
Event: 12.788 GC heap before
{Heap before GC invocations=22 (full 0):
 garbage-first heap   total 92160K, used 77620K [0x0000000780000000, 0x0000000800000000)
  region size 1024K, 28 young (28672K), 4 survivors (4096K)
 Metaspace       used 46449K, committed 46912K, reserved 1114112K
  class space    used 6547K, committed 6720K, reserved 1048576K
}
Event: 12.796 GC heap after
{Heap after GC invocations=23 (full 0):
 garbage-first heap   total 92160K, used 49207K [0x0000000780000000, 0x0000000800000000)
  region size 1024K, 2 young (2048K), 2 survivors (2048K)
 Metaspace       used 46449K, committed 46912K, reserved 1114112K
  class space    used 6547K, committed 6720K, reserved 1048576K
}
Event: 13.720 GC heap before
{Heap before GC invocations=23 (full 0):
 garbage-first heap   total 92160K, used 73783K [0x0000000780000000, 0x0000000800000000)
  region size 1024K, 26 young (26624K), 2 survivors (2048K)
 Metaspace       used 48862K, committed 49280K, reserved 1114112K
  class space    used 6974K, committed 7168K, reserved 1048576K
}
Event: 13.729 GC heap after
{Heap after GC invocations=24 (full 0):
 garbage-first heap   total 92160K, used 50241K [0x0000000780000000, 0x0000000800000000)
  region size 1024K, 3 young (3072K), 3 survivors (3072K)
 Metaspace       used 48862K, committed 49280K, reserved 1114112K
  class space    used 6974K, committed 7168K, reserved 1048576K
}
Event: 13.956 GC heap before
{Heap before GC invocations=25 (full 0):
 garbage-first heap   total 92160K, used 56385K [0x0000000780000000, 0x0000000800000000)
  region size 1024K, 11 young (11264K), 3 survivors (3072K)
 Metaspace       used 48965K, committed 49344K, reserved 1114112K
  class space    used 6983K, committed 7168K, reserved 1048576K
}
Event: 13.963 GC heap after
{Heap after GC invocations=26 (full 0):
 garbage-first heap   total 92160K, used 50864K [0x0000000780000000, 0x0000000800000000)
  region size 1024K, 2 young (2048K), 2 survivors (2048K)
 Metaspace       used 48965K, committed 49344K, reserved 1114112K
  class space    used 6983K, committed 7168K, reserved 1048576K
}
Event: 14.287 GC heap before
{Heap before GC invocations=27 (full 0):
 garbage-first heap   total 104448K, used 66224K [0x0000000780000000, 0x0000000800000000)
  region size 1024K, 9 young (9216K), 2 survivors (2048K)
 Metaspace       used 49254K, committed 49728K, reserved 1114112K
  class space    used 7032K, committed 7232K, reserved 1048576K
}
Event: 14.293 GC heap after
{Heap after GC invocations=28 (full 0):
 garbage-first heap   total 104448K, used 62285K [0x0000000780000000, 0x0000000800000000)
  region size 1024K, 4 young (4096K), 4 survivors (4096K)
 Metaspace       used 49254K, committed 49728K, reserved 1114112K
  class space    used 7032K, committed 7232K, reserved 1048576K
}
Event: 14.686 GC heap before
{Heap before GC invocations=29 (full 0):
 garbage-first heap   total 117760K, used 78669K [0x0000000780000000, 0x0000000800000000)
  region size 1024K, 17 young (17408K), 4 survivors (4096K)
 Metaspace       used 50239K, committed 50688K, reserved 1114112K
  class space    used 7149K, committed 7360K, reserved 1048576K
}
Event: 14.694 GC heap after
{Heap after GC invocations=30 (full 0):
 garbage-first heap   total 117760K, used 69314K [0x0000000780000000, 0x0000000800000000)
  region size 1024K, 3 young (3072K), 3 survivors (3072K)
 Metaspace       used 50239K, committed 50688K, reserved 1114112K
  class space    used 7149K, committed 7360K, reserved 1048576K
}
Event: 15.191 GC heap before
{Heap before GC invocations=31 (full 0):
 garbage-first heap   total 124928K, used 87746K [0x0000000780000000, 0x0000000800000000)
  region size 1024K, 20 young (20480K), 3 survivors (3072K)
 Metaspace       used 51646K, committed 52160K, reserved 1114112K
  class space    used 7265K, committed 7488K, reserved 1048576K
}
Event: 15.196 GC heap after
{Heap after GC invocations=32 (full 0):
 garbage-first heap   total 124928K, used 70375K [0x0000000780000000, 0x0000000800000000)
  region size 1024K, 2 young (2048K), 2 survivors (2048K)
 Metaspace       used 51646K, committed 52160K, reserved 1114112K
  class space    used 7265K, committed 7488K, reserved 1048576K
}
Event: 16.059 GC heap before
{Heap before GC invocations=32 (full 0):
 garbage-first heap   total 124928K, used 91879K [0x0000000780000000, 0x0000000800000000)
  region size 1024K, 23 young (23552K), 2 survivors (2048K)
 Metaspace       used 53788K, committed 54336K, reserved 1114112K
  class space    used 7601K, committed 7808K, reserved 1048576K
}
Event: 16.068 GC heap after
{Heap after GC invocations=33 (full 0):
 garbage-first heap   total 124928K, used 72092K [0x0000000780000000, 0x0000000800000000)
  region size 1024K, 2 young (2048K), 2 survivors (2048K)
 Metaspace       used 53788K, committed 54336K, reserved 1114112K
  class space    used 7601K, committed 7808K, reserved 1048576K
}

