# JRE version: OpenJDK Runtime Environment (17.0.11) (build 17.0.11+0-17.0.11b1207.24-11852314)
# Java VM: OpenJDK 64-Bit Server VM (17.0.11+0-17.0.11b1207.24-11852314, mixed mode, tiered, compressed oops, compressed class ptrs, g1 gc, bsd-amd64)
Heap:
 garbage-first heap   total 414720K, used 307608K [0x0000000780000000, 0x0000000800000000)
  region size 1024K, 154 young (157696K), 9 survivors (9216K)
 Metaspace       used 70790K, committed 71424K, reserved 1114112K
  class space    used 9875K, committed 10112K, reserved 1048576K
GC Heap History (20 events):
Event: 58.692 GC heap before
{Heap before GC invocations=85 (full 0):
 garbage-first heap   total 414720K, used 339837K [0x0000000780000000, 0x0000000800000000)
  region size 1024K, 192 young (196608K), 7 survivors (7168K)
 Metaspace       used 57261K, committed 57792K, reserved 1114112K
  class space    used 8071K, committed 8320K, reserved 1048576K
}
Event: 58.700 GC heap after
{Heap after GC invocations=86 (full 0):
 garbage-first heap   total 414720K, used 151864K [0x0000000780000000, 0x0000000800000000)
  region size 1024K, 8 young (8192K), 8 survivors (8192K)
 Metaspace       used 57261K, committed 57792K, reserved 1114112K
  class space    used 8071K, committed 8320K, reserved 1048576K
}
Event: 60.765 GC heap before
{Heap before GC invocations=86 (full 0):
 garbage-first heap   total 414720K, used 346424K [0x0000000780000000, 0x0000000800000000)
  region size 1024K, 198 young (202752K), 8 survivors (8192K)
 Metaspace       used 57263K, committed 57792K, reserved 1114112K
  class space    used 8071K, committed 8320K, reserved 1048576K
}
Event: 60.776 GC heap after
{Heap after GC invocations=87 (full 0):
 garbage-first heap   total 414720K, used 153762K [0x0000000780000000, 0x0000000800000000)
  region size 1024K, 10 young (10240K), 10 survivors (10240K)
 Metaspace       used 57263K, committed 57792K, reserved 1114112K
  class space    used 8071K, committed 8320K, reserved 1048576K
}
Event: 62.902 GC heap before
{Heap before GC invocations=87 (full 0):
 garbage-first heap   total 414720K, used 350370K [0x0000000780000000, 0x0000000800000000)
  region size 1024K, 202 young (206848K), 10 survivors (10240K)
 Metaspace       used 57264K, committed 57792K, reserved 1114112K
  class space    used 8071K, committed 8320K, reserved 1048576K
}
Event: 62.912 GC heap after
{Heap after GC invocations=88 (full 0):
 garbage-first heap   total 414720K, used 155543K [0x0000000780000000, 0x0000000800000000)
  region size 1024K, 12 young (12288K), 12 survivors (12288K)
 Metaspace       used 57264K, committed 57792K, reserved 1114112K
  class space    used 8071K, committed 8320K, reserved 1048576K
}
Event: 64.436 GC heap before
{Heap before GC invocations=88 (full 0):
 garbage-first heap   total 414720K, used 353175K [0x0000000780000000, 0x0000000800000000)
  region size 1024K, 205 young (209920K), 12 survivors (12288K)
 Metaspace       used 57265K, committed 57792K, reserved 1114112K
  class space    used 8071K, committed 8320K, reserved 1048576K
}
Event: 64.449 GC heap after
{Heap after GC invocations=89 (full 0):
 garbage-first heap   total 414720K, used 157161K [0x0000000780000000, 0x0000000800000000)
  region size 1024K, 13 young (13312K), 13 survivors (13312K)
 Metaspace       used 57265K, committed 57792K, reserved 1114112K
  class space    used 8071K, committed 8320K, reserved 1048576K
}
Event: 66.577 GC heap before
{Heap before GC invocations=89 (full 0):
 garbage-first heap   total 414720K, used 356841K [0x0000000780000000, 0x0000000800000000)
  region size 1024K, 208 young (212992K), 13 survivors (13312K)
 Metaspace       used 57266K, committed 57792K, reserved 1114112K
  class space    used 8071K, committed 8320K, reserved 1048576K
}
Event: 66.590 GC heap after
{Heap after GC invocations=90 (full 0):
 garbage-first heap   total 414720K, used 159721K [0x0000000780000000, 0x0000000800000000)
  region size 1024K, 16 young (16384K), 16 survivors (16384K)
 Metaspace       used 57266K, committed 57792K, reserved 1114112K
  class space    used 8071K, committed 8320K, reserved 1048576K
}
Event: 68.252 GC heap before
{Heap before GC invocations=90 (full 0):
 garbage-first heap   total 414720K, used 355305K [0x0000000780000000, 0x0000000800000000)
  region size 1024K, 207 young (211968K), 16 survivors (16384K)
 Metaspace       used 57272K, committed 57792K, reserved 1114112K
  class space    used 8071K, committed 8320K, reserved 1048576K
}
Event: 68.268 GC heap after
{Heap after GC invocations=91 (full 0):
 garbage-first heap   total 414720K, used 161269K [0x0000000780000000, 0x0000000800000000)
  region size 1024K, 16 young (16384K), 16 survivors (16384K)
 Metaspace       used 57272K, committed 57792K, reserved 1114112K
  class space    used 8071K, committed 8320K, reserved 1048576K
}
Event: 70.298 GC heap before
{Heap before GC invocations=91 (full 0):
 garbage-first heap   total 414720K, used 361973K [0x0000000780000000, 0x0000000800000000)
  region size 1024K, 206 young (210944K), 16 survivors (16384K)
 Metaspace       used 57301K, committed 57792K, reserved 1114112K
  class space    used 8071K, committed 8320K, reserved 1048576K
}
Event: 70.302 GC heap after
{Heap after GC invocations=92 (full 0):
 garbage-first heap   total 414720K, used 149259K [0x0000000780000000, 0x0000000800000000)
  region size 1024K, 4 young (4096K), 4 survivors (4096K)
 Metaspace       used 57301K, committed 57792K, reserved 1114112K
  class space    used 8071K, committed 8320K, reserved 1048576K
}
Event: 71.768 GC heap before
{Heap before GC invocations=92 (full 0):
 garbage-first heap   total 414720K, used 360203K [0x0000000780000000, 0x0000000800000000)
  region size 1024K, 210 young (215040K), 4 survivors (4096K)
 Metaspace       used 57325K, committed 57856K, reserved 1114112K
  class space    used 8074K, committed 8320K, reserved 1048576K
}
Event: 71.773 GC heap after
{Heap after GC invocations=93 (full 0):
 garbage-first heap   total 414720K, used 151557K [0x0000000780000000, 0x0000000800000000)
  region size 1024K, 6 young (6144K), 6 survivors (6144K)
 Metaspace       used 57325K, committed 57856K, reserved 1114112K
  class space    used 8074K, committed 8320K, reserved 1048576K
}
Event: 72.790 GC heap before
{Heap before GC invocations=93 (full 0):
 garbage-first heap   total 414720K, used 360453K [0x0000000780000000, 0x0000000800000000)
  region size 1024K, 210 young (215040K), 6 survivors (6144K)
 Metaspace       used 57325K, committed 57856K, reserved 1114112K
  class space    used 8074K, committed 8320K, reserved 1048576K
}
Event: 72.798 GC heap after
{Heap after GC invocations=94 (full 0):
 garbage-first heap   total 414720K, used 154322K [0x0000000780000000, 0x0000000800000000)
  region size 1024K, 9 young (9216K), 9 survivors (9216K)
 Metaspace       used 57325K, committed 57856K, reserved 1114112K
  class space    used 8074K, committed 8320K, reserved 1048576K
}
Event: 75.704 GC heap before
{Heap before GC invocations=94 (full 0):
 garbage-first heap   total 414720K, used 373458K [0x0000000780000000, 0x0000000800000000)
  region size 1024K, 211 young (216064K), 9 survivors (9216K)
 Metaspace       used 60509K, committed 61056K, reserved 1114112K
  class space    used 8401K, committed 8640K, reserved 1048576K
}
Event: 75.717 GC heap after
{Heap after GC invocations=95 (full 0):
 garbage-first heap   total 414720K, used 159309K [0x0000000780000000, 0x0000000800000000)
  region size 1024K, 9 young (9216K), 9 survivors (9216K)
 Metaspace       used 60509K, committed 61056K, reserved 1114112K
  class space    used 8401K, committed 8640K, reserved 1048576K
}

